<?xml version="1.0" encoding="UTF-8"?>
<!-- Generated by org.testng.reporters.JUnitReportReporter -->
<testsuite hostname="DESKTOP-SHDO9H1" failures="0" tests="1" name="Runner.TestRunner" time="161.632" errors="0" timestamp="28 Oct 2018 06:07:30 GMT" skipped="0">
  <testcase classname="Runner.TestRunner" name="feature" time="161.632"/>
</testsuite> <!-- Runner.TestRunner -->
